Synchroteam_devel/app/build/intermediates/manifest_merge_blame_file/release/manifest-merger-blame-release-report.txt
1<?xml version="1.0" encoding="utf-8"?>
2<manifest xmlns:android="http://schemas.android.com/apk/res/android"
3    package="com.synchroteam.synchroteam3"
4    android:versionCode="5"
5    android:versionName="58.01" >
6
7    <uses-sdk
7-->src\main\AndroidManifest.xml:603:5-80
8        android:minSdkVersion="26"
8-->src\main\AndroidManifest.xml:603:5-80
9        android:targetSdkVersion="34" />
9-->src\main\AndroidManifest.xml:603:5-80
10
11    <queries>
11-->src\main\AndroidManifest.xml:482:5-515:15
12
13        <!-- WebView -->
14        <intent>
14-->src\main\AndroidManifest.xml:484:9-488:18
15            <action android:name="android.intent.action.VIEW" />
15-->src\main\AndroidManifest.xml:485:13-65
15-->src\main\AndroidManifest.xml:485:21-62
16
17            <category android:name="android.intent.category.BROWSABLE" />
17-->src\main\AndroidManifest.xml:486:13-74
17-->src\main\AndroidManifest.xml:486:23-71
18
19            <data android:scheme="http" />
19-->src\main\AndroidManifest.xml:435:17-50
19-->src\main\AndroidManifest.xml:435:23-47
20        </intent>
21        <intent>
21-->src\main\AndroidManifest.xml:489:9-493:18
22            <action android:name="android.intent.action.VIEW" />
22-->src\main\AndroidManifest.xml:485:13-65
22-->src\main\AndroidManifest.xml:485:21-62
23
24            <category android:name="android.intent.category.BROWSABLE" />
24-->src\main\AndroidManifest.xml:486:13-74
24-->src\main\AndroidManifest.xml:486:23-71
25
26            <data android:scheme="https" />
26-->src\main\AndroidManifest.xml:435:17-50
26-->src\main\AndroidManifest.xml:435:23-47
27        </intent>
28
29        <!-- Camera -->
30        <intent>
30-->src\main\AndroidManifest.xml:496:9-498:18
31            <action android:name="android.media.action.IMAGE_CAPTURE" />
31-->src\main\AndroidManifest.xml:497:13-73
31-->src\main\AndroidManifest.xml:497:21-70
32        </intent>
33
34        <!-- Gallery -->
35        <intent>
35-->src\main\AndroidManifest.xml:501:9-504:18
36            <action android:name="android.intent.action.GET_CONTENT" />
36-->src\main\AndroidManifest.xml:502:13-72
36-->src\main\AndroidManifest.xml:502:21-69
37
38            <data android:mimeType="image/*" />
38-->src\main\AndroidManifest.xml:435:17-50
38-->src\main\AndroidManifest.xml:503:19-45
39        </intent>
40        <intent>
40-->src\main\AndroidManifest.xml:506:9-509:18
41            <action android:name="android.intent.action.PICK" />
41-->src\main\AndroidManifest.xml:507:13-65
41-->src\main\AndroidManifest.xml:507:21-62
42
43            <data android:mimeType="vnd.android.cursor.dir/image" />
43-->src\main\AndroidManifest.xml:435:17-50
43-->src\main\AndroidManifest.xml:503:19-45
44        </intent>
45
46        <package android:name="com.google.android.apps.maps" />
46-->src\main\AndroidManifest.xml:511:9-64
46-->src\main\AndroidManifest.xml:511:18-61
47        <package android:name="com.whatsapp" />
47-->src\main\AndroidManifest.xml:512:9-48
47-->src\main\AndroidManifest.xml:512:18-45
48    </queries>
49
50    <supports-screens
50-->src\main\AndroidManifest.xml:517:5-522:40
51        android:anyDensity="true"
51-->src\main\AndroidManifest.xml:518:9-34
52        android:largeScreens="true"
52-->src\main\AndroidManifest.xml:519:9-36
53        android:normalScreens="true"
53-->src\main\AndroidManifest.xml:520:9-37
54        android:smallScreens="true"
54-->src\main\AndroidManifest.xml:521:9-36
55        android:xlargeScreens="true" />
55-->src\main\AndroidManifest.xml:522:9-37
56
57    <uses-feature
57-->src\main\AndroidManifest.xml:524:5-526:36
58        android:name="android.hardware.camera"
58-->src\main\AndroidManifest.xml:525:9-47
59        android:required="false" />
59-->src\main\AndroidManifest.xml:526:9-33
60    <uses-feature
60-->src\main\AndroidManifest.xml:527:5-529:36
61        android:name="android.hardware.telephony"
61-->src\main\AndroidManifest.xml:528:9-50
62        android:required="false" />
62-->src\main\AndroidManifest.xml:529:9-33
63    <uses-feature
63-->src\main\AndroidManifest.xml:530:5-532:36
64        android:name="android.hardware.camera.autofocus"
64-->src\main\AndroidManifest.xml:531:9-57
65        android:required="false" />
65-->src\main\AndroidManifest.xml:532:9-33
66    <uses-feature
66-->src\main\AndroidManifest.xml:533:5-535:36
67        android:name="android.hardware.location.gps"
67-->src\main\AndroidManifest.xml:534:9-53
68        android:required="false" />
68-->src\main\AndroidManifest.xml:535:9-33
69
70    <uses-permission android:name="android.permission.FOREGROUND_SERVICE" />
70-->src\main\AndroidManifest.xml:537:5-77
70-->src\main\AndroidManifest.xml:537:22-74
71    <uses-permission android:name="android.permission.FOREGROUND_SERVICE_LOCATION" />
71-->src\main\AndroidManifest.xml:538:5-86
71-->src\main\AndroidManifest.xml:538:22-83
72    <uses-permission
72-->src\main\AndroidManifest.xml:539:5-541:36
73        android:name="android.permission.INTERNET"
73-->src\main\AndroidManifest.xml:540:9-51
74        android:required="false" />
74-->src\main\AndroidManifest.xml:541:9-33
75    <uses-permission
75-->src\main\AndroidManifest.xml:542:5-544:36
76        android:name="android.permission.CALL_PHONE"
76-->src\main\AndroidManifest.xml:543:9-53
77        android:required="false" />
77-->src\main\AndroidManifest.xml:544:9-33
78    <uses-permission
78-->src\main\AndroidManifest.xml:546:5-548:36
79        android:name="android.permission.ACCESS_NETWORK_STATE"
79-->src\main\AndroidManifest.xml:547:9-63
80        android:required="false" />
80-->src\main\AndroidManifest.xml:548:9-33
81    <uses-permission android:name="android.permission.CAMERA" />
81-->src\main\AndroidManifest.xml:549:5-65
81-->src\main\AndroidManifest.xml:549:22-62
82    <uses-permission
82-->src\main\AndroidManifest.xml:550:5-553:37
83        android:name="android.permission.WRITE_EXTERNAL_STORAGE"
83-->src\main\AndroidManifest.xml:551:9-65
84        android:maxSdkVersion="28"
84-->src\main\AndroidManifest.xml:553:9-35
85        android:required="false" />
85-->src\main\AndroidManifest.xml:552:9-33
86    <uses-permission
86-->src\main\AndroidManifest.xml:554:5-556:36
87        android:name="android.permission.ACCESS_FINE_LOCATION"
87-->src\main\AndroidManifest.xml:555:9-63
88        android:required="false" />
88-->src\main\AndroidManifest.xml:556:9-33
89
90    <!-- FOR GCM -->
91    <!-- <permission -->
92    <!-- android:name="com.synchroteam.synchroteam2.permission.C2D_MESSAGE" -->
93    <!-- android:protectionLevel="signature" /> -->
94
95
96    <!-- <uses-permission android:name="com.synchroteam.synchroteam2.permission.C2D_MESSAGE" /> -->
97
98    <uses-permission
98-->src\main\AndroidManifest.xml:569:5-571:36
99        android:name="android.permission.ACCESS_COARSE_LOCATION"
99-->src\main\AndroidManifest.xml:570:9-65
100        android:required="false" />
100-->src\main\AndroidManifest.xml:571:9-33
101    <!-- <uses-permission android:name="com.google.android.c2dm.permission.REGISTER" /> -->
102    <uses-permission android:name="com.google.android.c2dm.permission.RECEIVE" />
102-->src\main\AndroidManifest.xml:573:5-82
102-->src\main\AndroidManifest.xml:573:22-79
103    <uses-permission android:name="android.permission.GET_ACCOUNTS" />
103-->src\main\AndroidManifest.xml:574:5-71
103-->src\main\AndroidManifest.xml:574:22-68
104    <uses-permission android:name="android.permission.WAKE_LOCK" />
104-->src\main\AndroidManifest.xml:575:5-68
104-->src\main\AndroidManifest.xml:575:22-65
105    <uses-permission android:name="android.permission.VIBRATE" />
105-->src\main\AndroidManifest.xml:576:5-66
105-->src\main\AndroidManifest.xml:576:22-63
106    <uses-permission android:name="android.permission.POST_NOTIFICATIONS" />
106-->src\main\AndroidManifest.xml:578:5-77
106-->src\main\AndroidManifest.xml:578:22-74
107    <uses-permission android:name="android.permission.READ_MEDIA_IMAGES" />
107-->src\main\AndroidManifest.xml:580:5-76
107-->src\main\AndroidManifest.xml:580:22-73
108    <uses-permission
108-->src\main\AndroidManifest.xml:582:5-583:37
109        android:name="android.permission.READ_EXTERNAL_STORAGE"
109-->src\main\AndroidManifest.xml:582:22-77
110        android:maxSdkVersion="32" />
110-->src\main\AndroidManifest.xml:583:9-35
111    <uses-permission android:name="android.permission.READ_MEDIA_VISUAL_USER_SELECTED" />
111-->src\main\AndroidManifest.xml:585:5-90
111-->src\main\AndroidManifest.xml:585:22-87
112    <uses-permission android:name="android.permission.GET_TASKS" />
112-->src\main\AndroidManifest.xml:588:5-68
112-->src\main\AndroidManifest.xml:588:22-65
113    <uses-permission android:name="android.permission.WRITE_SETTINGS" />
113-->src\main\AndroidManifest.xml:589:5-591:47
113-->src\main\AndroidManifest.xml:590:9-57
114    <uses-permission android:name="android.permission.RECEIVE_BOOT_COMPLETED" />
114-->src\main\AndroidManifest.xml:592:5-81
114-->src\main\AndroidManifest.xml:592:22-78
115    <uses-permission android:name="android.permission.CAMERA" />
115-->src\main\AndroidManifest.xml:549:5-65
115-->src\main\AndroidManifest.xml:549:22-62
116    <uses-permission android:name="android.permission.READ_CONTACTS" />
116-->src\main\AndroidManifest.xml:594:5-71
116-->src\main\AndroidManifest.xml:594:22-69
117    <uses-permission android:name="android.permission.WRITE_CONTACTS" />
117-->src\main\AndroidManifest.xml:595:5-72
117-->src\main\AndroidManifest.xml:595:22-70
118    <uses-permission android:name="android.permission.FLASHLIGHT" />
118-->src\main\AndroidManifest.xml:596:5-68
118-->src\main\AndroidManifest.xml:596:22-66
119    <uses-permission android:name="android.permission.KILL_BACKGROUND_PROCESSES" />
119-->src\main\AndroidManifest.xml:599:5-84
119-->src\main\AndroidManifest.xml:599:22-81
120    <uses-permission android:name="android.permission.SCHEDULE_EXACT_ALARM" />
120-->src\main\AndroidManifest.xml:601:5-79
120-->src\main\AndroidManifest.xml:601:22-76
121
122    <uses-feature
122-->[com.google.android.gms:play-services-maps:17.0.0] AndroidManifest.xml:26:5-28:35
123        android:glEsVersion="0x00020000"
123-->[com.google.android.gms:play-services-maps:17.0.0] AndroidManifest.xml:27:9-41
124        android:required="true" />
124-->[com.google.android.gms:play-services-maps:17.0.0] AndroidManifest.xml:28:9-32
125
126    <uses-permission android:name="com.google.android.finsky.permission.BIND_GET_INSTALL_REFERRER_SERVICE" />
126-->[com.google.android.gms:play-services-measurement:21.2.0] AndroidManifest.xml:26:5-110
126-->[com.google.android.gms:play-services-measurement:21.2.0] AndroidManifest.xml:26:22-107
127
128    <permission
128-->[androidx.core:core:1.9.0] AndroidManifest.xml:22:5-24:47
129        android:name="com.synchroteam.synchroteam3.DYNAMIC_RECEIVER_NOT_EXPORTED_PERMISSION"
129-->[androidx.core:core:1.9.0] AndroidManifest.xml:23:9-81
130        android:protectionLevel="signature" />
130-->[androidx.core:core:1.9.0] AndroidManifest.xml:24:9-44
131
132    <uses-permission android:name="com.synchroteam.synchroteam3.DYNAMIC_RECEIVER_NOT_EXPORTED_PERMISSION" />
132-->[androidx.core:core:1.9.0] AndroidManifest.xml:26:5-97
132-->[androidx.core:core:1.9.0] AndroidManifest.xml:26:22-94
133
134    <application
134-->src\main\AndroidManifest.xml:10:5-480:19
135        android:name="com.synchroteam.synchroteam.SyncroTeamApplication"
135-->src\main\AndroidManifest.xml:11:9-73
136        android:allowBackup="false"
136-->src\main\AndroidManifest.xml:12:9-36
137        android:appComponentFactory="androidx.core.app.CoreComponentFactory"
137-->[androidx.core:core:1.9.0] AndroidManifest.xml:28:18-86
138        android:extractNativeLibs="false"
139        android:fullBackupContent="false"
139-->src\main\AndroidManifest.xml:13:9-42
140        android:icon="@drawable/app_icon"
140-->src\main\AndroidManifest.xml:14:9-42
141        android:label="@string/app_name"
141-->src\main\AndroidManifest.xml:15:9-41
142        android:largeHeap="true"
142-->src\main\AndroidManifest.xml:16:9-33
143        android:theme="@style/AppTheme" >
143-->src\main\AndroidManifest.xml:17:9-40
144        <activity
144-->src\main\AndroidManifest.xml:20:9-30:20
145            android:name="com.synchroteam.synchroteam.SpalshActivity"
145-->src\main\AndroidManifest.xml:21:13-70
146            android:exported="true"
146-->src\main\AndroidManifest.xml:25:13-36
147            android:label="@string/app_name"
147-->src\main\AndroidManifest.xml:22:13-45
148            android:screenOrientation="portrait"
148-->src\main\AndroidManifest.xml:23:13-49
149            android:theme="@style/SplashTheme" >
149-->src\main\AndroidManifest.xml:24:13-47
150            <intent-filter>
150-->src\main\AndroidManifest.xml:26:13-29:29
151                <action android:name="android.intent.action.MAIN" />
151-->src\main\AndroidManifest.xml:27:17-69
151-->src\main\AndroidManifest.xml:27:25-66
152
153                <category android:name="android.intent.category.LAUNCHER" />
153-->src\main\AndroidManifest.xml:28:17-77
153-->src\main\AndroidManifest.xml:28:27-74
154            </intent-filter>
155        </activity>
156        <activity
156-->src\main\AndroidManifest.xml:31:9-35:52
157            android:name="com.synchroteam.synchroteam.Login_Syncroteam"
157-->src\main\AndroidManifest.xml:32:13-72
158            android:exported="false"
158-->src\main\AndroidManifest.xml:34:13-37
159            android:hardwareAccelerated="false"
159-->src\main\AndroidManifest.xml:33:13-48
160            android:screenOrientation="portrait" />
160-->src\main\AndroidManifest.xml:35:13-49
161        <activity
161-->src\main\AndroidManifest.xml:36:9-46:20
162            android:name="com.synchroteam.synchroteam.SiteDetail"
162-->src\main\AndroidManifest.xml:37:13-66
163            android:exported="false"
163-->src\main\AndroidManifest.xml:41:13-37
164            android:logo="@drawable/transparent_image"
164-->src\main\AndroidManifest.xml:38:13-55
165            android:screenOrientation="portrait"
165-->src\main\AndroidManifest.xml:39:13-49
166            android:theme="@style/myTheme"
166-->src\main\AndroidManifest.xml:40:13-43
167            android:windowSoftInputMode="adjustPan" >
167-->src\main\AndroidManifest.xml:42:13-52
168            <meta-data
168-->src\main\AndroidManifest.xml:43:13-45:91
169                android:name="android.support.PARENT_ACTIVITY"
169-->src\main\AndroidManifest.xml:44:17-63
170                android:value="com.synchroteam.synchroteam.SyncoteamNavigationActivity" />
170-->src\main\AndroidManifest.xml:45:17-88
171        </activity>
172        <activity
172-->src\main\AndroidManifest.xml:47:9-57:20
173            android:name="com.synchroteam.synchroteam.EquipmentDetials"
173-->src\main\AndroidManifest.xml:48:13-72
174            android:exported="false"
174-->src\main\AndroidManifest.xml:51:13-37
175            android:logo="@drawable/transparent_image"
175-->src\main\AndroidManifest.xml:49:13-55
176            android:screenOrientation="portrait"
176-->src\main\AndroidManifest.xml:50:13-49
177            android:theme="@style/myTheme"
177-->src\main\AndroidManifest.xml:52:13-43
178            android:windowSoftInputMode="adjustPan" >
178-->src\main\AndroidManifest.xml:53:13-52
179            <meta-data
179-->src\main\AndroidManifest.xml:43:13-45:91
180                android:name="android.support.PARENT_ACTIVITY"
180-->src\main\AndroidManifest.xml:44:17-63
181                android:value="com.synchroteam.synchroteam.SyncoteamNavigationActivity" />
181-->src\main\AndroidManifest.xml:45:17-88
182        </activity>
183        <activity
183-->src\main\AndroidManifest.xml:58:9-67:20
184            android:name="com.synchroteam.synchroteam.SiteListingClientDetails"
184-->src\main\AndroidManifest.xml:59:13-80
185            android:exported="false"
185-->src\main\AndroidManifest.xml:62:13-37
186            android:logo="@drawable/transparent_image"
186-->src\main\AndroidManifest.xml:60:13-55
187            android:screenOrientation="portrait"
187-->src\main\AndroidManifest.xml:61:13-49
188            android:theme="@style/styleSyncroteamActionBarJobDetails" >
188-->src\main\AndroidManifest.xml:63:13-70
189            <meta-data
189-->src\main\AndroidManifest.xml:43:13-45:91
190                android:name="android.support.PARENT_ACTIVITY"
190-->src\main\AndroidManifest.xml:44:17-63
191                android:value="com.synchroteam.synchroteam.SyncoteamNavigationActivity" />
191-->src\main\AndroidManifest.xml:45:17-88
192        </activity>
193        <activity
193-->src\main\AndroidManifest.xml:68:9-77:20
194            android:name="com.synchroteam.synchroteam.EquipmentListCLientDetail"
194-->src\main\AndroidManifest.xml:69:13-81
195            android:exported="false"
195-->src\main\AndroidManifest.xml:72:13-37
196            android:logo="@drawable/transparent_image"
196-->src\main\AndroidManifest.xml:70:13-55
197            android:screenOrientation="portrait"
197-->src\main\AndroidManifest.xml:71:13-49
198            android:theme="@style/styleSyncroteamActionBarJobDetails" >
198-->src\main\AndroidManifest.xml:73:13-70
199            <meta-data
199-->src\main\AndroidManifest.xml:43:13-45:91
200                android:name="android.support.PARENT_ACTIVITY"
200-->src\main\AndroidManifest.xml:44:17-63
201                android:value="com.synchroteam.synchroteam.SyncoteamNavigationActivity" />
201-->src\main\AndroidManifest.xml:45:17-88
202        </activity>
203        <activity
203-->src\main\AndroidManifest.xml:78:9-82:54
204            android:name="com.synchroteam.synchroteam.NearestClientSite"
204-->src\main\AndroidManifest.xml:79:13-73
205            android:exported="false"
205-->src\main\AndroidManifest.xml:81:13-37
206            android:screenOrientation="portrait"
206-->src\main\AndroidManifest.xml:80:13-49
207            android:windowSoftInputMode="adjustPan" />
207-->src\main\AndroidManifest.xml:82:13-52
208        <activity
208-->src\main\AndroidManifest.xml:83:9-87:55
209            android:name="com.synchroteam.scanner.CodeScannerActivity"
209-->src\main\AndroidManifest.xml:84:13-71
210            android:exported="false"
210-->src\main\AndroidManifest.xml:86:13-37
211            android:screenOrientation="portrait"
211-->src\main\AndroidManifest.xml:85:13-49
212            android:windowSoftInputMode="adjustPan" />
212-->src\main\AndroidManifest.xml:87:13-52
213        <activity
213-->src\main\AndroidManifest.xml:88:9-98:20
214            android:name="com.synchroteam.technicalsupport.JobDetails"
214-->src\main\AndroidManifest.xml:89:13-71
215            android:exported="false"
215-->src\main\AndroidManifest.xml:92:13-37
216            android:logo="@drawable/transparent_image"
216-->src\main\AndroidManifest.xml:90:13-55
217            android:screenOrientation="portrait"
217-->src\main\AndroidManifest.xml:91:13-49
218            android:theme="@style/theme_job_details"
218-->src\main\AndroidManifest.xml:93:13-53
219            android:windowSoftInputMode="stateHidden|adjustPan" >
219-->src\main\AndroidManifest.xml:94:13-64
220            <meta-data
220-->src\main\AndroidManifest.xml:43:13-45:91
221                android:name="android.support.PARENT_ACTIVITY"
221-->src\main\AndroidManifest.xml:44:17-63
222                android:value="com.synchroteam.synchroteam.SyncoteamNavigationActivity" />
222-->src\main\AndroidManifest.xml:45:17-88
223        </activity>
224        <activity
224-->src\main\AndroidManifest.xml:100:9-110:20
225            android:name="com.synchroteam.synchroteam.JobPoolDetails"
225-->src\main\AndroidManifest.xml:101:13-70
226            android:exported="false"
226-->src\main\AndroidManifest.xml:104:13-37
227            android:logo="@drawable/transparent_image"
227-->src\main\AndroidManifest.xml:102:13-55
228            android:screenOrientation="portrait"
228-->src\main\AndroidManifest.xml:103:13-49
229            android:theme="@style/theme_job_details"
229-->src\main\AndroidManifest.xml:105:13-53
230            android:windowSoftInputMode="stateHidden|adjustPan" >
230-->src\main\AndroidManifest.xml:106:13-64
231            <meta-data
231-->src\main\AndroidManifest.xml:43:13-45:91
232                android:name="android.support.PARENT_ACTIVITY"
232-->src\main\AndroidManifest.xml:44:17-63
233                android:value="com.synchroteam.synchroteam.SyncoteamNavigationActivity" />
233-->src\main\AndroidManifest.xml:45:17-88
234        </activity>
235        <activity
235-->src\main\AndroidManifest.xml:112:9-122:20
236            android:name="com.synchroteam.synchroteam.JobPoolSchedule"
236-->src\main\AndroidManifest.xml:113:13-71
237            android:exported="false"
237-->src\main\AndroidManifest.xml:116:13-37
238            android:logo="@drawable/transparent_image"
238-->src\main\AndroidManifest.xml:114:13-55
239            android:screenOrientation="portrait"
239-->src\main\AndroidManifest.xml:115:13-49
240            android:theme="@style/theme_job_details"
240-->src\main\AndroidManifest.xml:117:13-53
241            android:windowSoftInputMode="stateHidden|adjustPan" >
241-->src\main\AndroidManifest.xml:118:13-64
242            <meta-data
242-->src\main\AndroidManifest.xml:43:13-45:91
243                android:name="android.support.PARENT_ACTIVITY"
243-->src\main\AndroidManifest.xml:44:17-63
244                android:value="com.synchroteam.synchroteam.SyncoteamNavigationActivity" />
244-->src\main\AndroidManifest.xml:45:17-88
245        </activity>
246        <activity
246-->src\main\AndroidManifest.xml:123:9-132:20
247            android:name="com.synchroteam.catalouge.CatalougeSubCategotyUpdated"
247-->src\main\AndroidManifest.xml:124:13-81
248            android:logo="@drawable/transparent_image"
248-->src\main\AndroidManifest.xml:125:13-55
249            android:screenOrientation="portrait"
249-->src\main\AndroidManifest.xml:126:13-49
250            android:theme="@style/styleSyncroteamActionBarJobDetails"
250-->src\main\AndroidManifest.xml:127:13-70
251            android:windowSoftInputMode="adjustPan" >
251-->src\main\AndroidManifest.xml:128:13-52
252            <meta-data
252-->src\main\AndroidManifest.xml:43:13-45:91
253                android:name="android.support.PARENT_ACTIVITY"
253-->src\main\AndroidManifest.xml:44:17-63
254                android:value="com.synchroteam.technicalsupport.JobDetails" />
254-->src\main\AndroidManifest.xml:45:17-88
255        </activity>
256        <activity
256-->src\main\AndroidManifest.xml:133:9-140:64
257            android:name="com.synchroteam.synchroteam.SyncoteamNavigationActivity"
257-->src\main\AndroidManifest.xml:134:13-83
258            android:exported="false"
258-->src\main\AndroidManifest.xml:138:13-37
259            android:label="@string/title_activity_syncro_team_base"
259-->src\main\AndroidManifest.xml:135:13-68
260            android:launchMode="singleTop"
260-->src\main\AndroidManifest.xml:136:13-43
261            android:screenOrientation="portrait"
261-->src\main\AndroidManifest.xml:137:13-49
262            android:theme="@style/theme_fragment_tab_page_indicator"
262-->src\main\AndroidManifest.xml:139:13-69
263            android:windowSoftInputMode="adjustPan" />
263-->src\main\AndroidManifest.xml:140:13-52
264        <activity
264-->src\main\AndroidManifest.xml:141:9-150:20
265            android:name="com.synchroteam.synchroteam.LastSyncronizationSettingActivity"
265-->src\main\AndroidManifest.xml:142:13-89
266            android:exported="false"
266-->src\main\AndroidManifest.xml:145:13-37
267            android:logo="@drawable/transparent_image"
267-->src\main\AndroidManifest.xml:143:13-55
268            android:screenOrientation="portrait"
268-->src\main\AndroidManifest.xml:144:13-49
269            android:theme="@style/styleSyncroteamActionBarJobDetails" >
269-->src\main\AndroidManifest.xml:146:13-70
270            <meta-data
270-->src\main\AndroidManifest.xml:43:13-45:91
271                android:name="android.support.PARENT_ACTIVITY"
271-->src\main\AndroidManifest.xml:44:17-63
272                android:value="com.synchroteam.synchroteam.SyncoteamNavigationActivity" />
272-->src\main\AndroidManifest.xml:45:17-88
273        </activity>
274        <activity
274-->src\main\AndroidManifest.xml:151:9-162:20
275            android:name="com.synchroteam.synchroteam.NewJob"
275-->src\main\AndroidManifest.xml:152:13-62
276            android:exported="false"
276-->src\main\AndroidManifest.xml:156:13-37
277            android:label="@string/title_activity_syncro_team_base"
277-->src\main\AndroidManifest.xml:153:13-68
278            android:logo="@drawable/transparent_image"
278-->src\main\AndroidManifest.xml:154:13-55
279            android:screenOrientation="portrait"
279-->src\main\AndroidManifest.xml:155:13-49
280            android:theme="@style/styleSyncroteamActionBarJobDetails"
280-->src\main\AndroidManifest.xml:157:13-70
281            android:windowSoftInputMode="adjustPan|stateHidden" >
281-->src\main\AndroidManifest.xml:158:13-64
282            <meta-data
282-->src\main\AndroidManifest.xml:43:13-45:91
283                android:name="android.support.PARENT_ACTIVITY"
283-->src\main\AndroidManifest.xml:44:17-63
284                android:value="com.synchroteam.synchroteam.SyncoteamNavigationActivity" />
284-->src\main\AndroidManifest.xml:45:17-88
285        </activity>
286        <activity
286-->src\main\AndroidManifest.xml:164:9-167:52
287            android:name="com.synchroteam.utils.ScannerBar"
287-->src\main\AndroidManifest.xml:165:13-60
288            android:exported="false"
288-->src\main\AndroidManifest.xml:166:13-37
289            android:screenOrientation="portrait" />
289-->src\main\AndroidManifest.xml:167:13-49
290        <activity
290-->src\main\AndroidManifest.xml:169:9-173:67
291            android:name="com.synchroteam.synchroteam.ClientJobType"
291-->src\main\AndroidManifest.xml:170:13-69
292            android:exported="false"
292-->src\main\AndroidManifest.xml:171:13-37
293            android:screenOrientation="portrait"
293-->src\main\AndroidManifest.xml:172:13-49
294            android:windowSoftInputMode="adjustPan|stateHidden" />
294-->src\main\AndroidManifest.xml:173:13-64
295        <activity
295-->src\main\AndroidManifest.xml:175:9-179:67
296            android:name="com.synchroteam.synchroteam.ClientJobReport"
296-->src\main\AndroidManifest.xml:176:13-71
297            android:exported="false"
297-->src\main\AndroidManifest.xml:177:13-37
298            android:screenOrientation="portrait"
298-->src\main\AndroidManifest.xml:178:13-49
299            android:windowSoftInputMode="adjustPan|stateHidden" />
299-->src\main\AndroidManifest.xml:179:13-64
300        <activity
300-->src\main\AndroidManifest.xml:183:9-186:65
301            android:name="com.synchroteam.synchroteam.CustomFieldClient"
301-->src\main\AndroidManifest.xml:184:13-73
302            android:exported="false"
302-->src\main\AndroidManifest.xml:185:17-41
303            android:screenOrientation="portrait" />
303-->src\main\AndroidManifest.xml:186:17-53
304        <activity
304-->src\main\AndroidManifest.xml:187:9-190:65
305            android:name="com.synchroteam.synchroteam.CustomFieldEquipment"
305-->src\main\AndroidManifest.xml:188:17-80
306            android:exported="false"
306-->src\main\AndroidManifest.xml:189:17-41
307            android:screenOrientation="portrait" />
307-->src\main\AndroidManifest.xml:190:17-53
308        <activity
308-->src\main\AndroidManifest.xml:191:9-194:65
309            android:name="com.synchroteam.synchroteam.CustomFieldSite"
309-->src\main\AndroidManifest.xml:192:17-75
310            android:exported="false"
310-->src\main\AndroidManifest.xml:193:17-41
311            android:screenOrientation="portrait" />
311-->src\main\AndroidManifest.xml:194:17-53
312        <activity
312-->src\main\AndroidManifest.xml:197:9-200:68
313            android:name="com.synchroteam.technicalsupport.SignatureFacture"
313-->src\main\AndroidManifest.xml:198:13-77
314            android:exported="false"
314-->src\main\AndroidManifest.xml:199:13-37
315            android:theme="@android:style/Theme.Dialog" />
315-->src\main\AndroidManifest.xml:200:13-56
316        <activity
316-->src\main\AndroidManifest.xml:201:9-204:61
317            android:name="com.synchroteam.technicalsupport.CustomField"
317-->src\main\AndroidManifest.xml:202:13-72
318            android:exported="false"
318-->src\main\AndroidManifest.xml:203:13-37
319            android:screenOrientation="portrait" />
319-->src\main\AndroidManifest.xml:204:13-49
320        <activity
320-->src\main\AndroidManifest.xml:205:9-215:20
321            android:name="com.synchroteam.synchroteam.ReportsDetails"
321-->src\main\AndroidManifest.xml:206:13-70
322            android:exported="false"
322-->src\main\AndroidManifest.xml:209:13-37
323            android:logo="@drawable/transparent_image"
323-->src\main\AndroidManifest.xml:207:13-55
324            android:screenOrientation="portrait"
324-->src\main\AndroidManifest.xml:208:13-49
325            android:theme="@style/styleSyncroteamActionBarJobDetails"
325-->src\main\AndroidManifest.xml:210:13-70
326            android:windowSoftInputMode="adjustPan" >
326-->src\main\AndroidManifest.xml:211:13-52
327            <meta-data
327-->src\main\AndroidManifest.xml:43:13-45:91
328                android:name="android.support.PARENT_ACTIVITY"
328-->src\main\AndroidManifest.xml:44:17-63
329                android:value="com.synchroteam.synchroteam.SyncoteamNavigationActivity" />
329-->src\main\AndroidManifest.xml:45:17-88
330        </activity>
331        <activity
331-->src\main\AndroidManifest.xml:216:9-220:76
332            android:name="com.synchroteam.synchroteam.CategoryPartList"
332-->src\main\AndroidManifest.xml:217:13-72
333            android:exported="false"
333-->src\main\AndroidManifest.xml:219:13-37
334            android:screenOrientation="portrait"
334-->src\main\AndroidManifest.xml:218:13-49